2014-09-19 17:21:45,192 - web2py.rewrite - DEBUG - select routing parameters: BASE
2014-09-19 17:21:45,763 - web2py.rewrite - DEBUG - routes_out: [/zcomx/default/index] -> /zcomx/default/index
2014-09-19 17:21:45,764 - web2py.rewrite - DEBUG - routes_out: [/zcomx/default/user/login] -> /zcomx/default/user/login
2014-09-19 17:21:45,764 - web2py.rewrite - DEBUG - routes_out: [/zcomx/default/user/profile] -> /zcomx/default/user/profile
2014-09-19 17:21:45,765 - web2py.rewrite - DEBUG - routes_out: [/zcomx/default/download] -> /zcomx/default/download
2014-09-19 17:21:45,766 - web2py.rewrite - DEBUG - routes_out: [/zcomx/default/user/not_authorized] -> /zcomx/default/user/not_authorized
2014-09-19 17:21:45,784 - web2py.rewrite - DEBUG - routes_out: [/zcomx/default/creator] -> /zcomx/default/creator
2014-09-19 17:21:45,785 - web2py.rewrite - DEBUG - routes_out: [/zcomx/default/download] -> /zcomx/default/download
2014-09-19 17:21:45,786 - web2py.rewrite - DEBUG - routes_out: [/zcomx/profile/index] -> /zcomx/profile/index
2014-09-19 17:21:45,786 - web2py.rewrite - DEBUG - routes_out: [/zcomx/creators/index] -> /zcomx/creators/index
2014-09-19 17:21:45,787 - web2py.rewrite - DEBUG - routes_out: [/zcomx/default/user/verify_email] -> /zcomx/default/user/verify_email
2014-09-19 17:21:45,787 - web2py.rewrite - DEBUG - routes_out: [/zcomx/default/user/reset_password] -> /zcomx/default/user/reset_password
2014-09-19 17:21:45,852 - web2py.rewrite - DEBUG - routes_out: [/zcomx/static/images/favicon.ico] -> /zcomx/static/images/favicon.ico
2014-09-19 17:21:45,853 - web2py.rewrite - DEBUG - routes_out: [/zcomx/static/images/favicon.ico] -> /zcomx/static/images/favicon.ico
2014-09-19 17:21:45,853 - web2py.rewrite - DEBUG - routes_out: [/zcomx/static/images/favicon.png] -> /zcomx/static/images/favicon.png
2014-09-19 17:21:45,854 - web2py.rewrite - DEBUG - routes_out: [/zcomx/static/js/modernizr.custom.js] -> /zcomx/static/js/modernizr.custom.js
2014-09-19 17:21:45,854 - web2py.rewrite - DEBUG - routes_out: [/zcomx/static/css/normalize.css] -> /zcomx/static/css/normalize.css
2014-09-19 17:21:45,855 - web2py.rewrite - DEBUG - routes_out: [/zcomx/static/fonts/roboto_regular_macroman/stylesheet.css] -> /zcomx/static/fonts/roboto_regular_macroman/stylesheet.css
2014-09-19 17:21:45,855 - web2py.rewrite - DEBUG - routes_out: [/zcomx/static/fonts/robotoslab_regular_macroman/stylesheet.css] -> /zcomx/static/fonts/robotoslab_regular_macroman/stylesheet.css
2014-09-19 17:21:45,855 - web2py.rewrite - DEBUG - routes_out: [/zcomx/static/css/web2py.css] -> /zcomx/static/css/web2py.css
2014-09-19 17:21:45,856 - web2py.rewrite - DEBUG - routes_out: [/zcomx/static/bootstrap/css/bootstrap.min.css] -> /zcomx/static/bootstrap/css/bootstrap.min.css
2014-09-19 17:21:45,857 - web2py.rewrite - DEBUG - routes_out: [/zcomx/static/css/web2py_bootstrap.css] -> /zcomx/static/css/web2py_bootstrap.css
2014-09-19 17:21:45,858 - web2py.rewrite - DEBUG - routes_out: [/zcomx/creators/creator/3] -> /zcomx/creators/creator/3
2014-09-19 17:21:45,860 - web2py.rewrite - DEBUG - routes_out: [/zcomx/static/js/jquery-1.10.2.js] -> /zcomx/static/js/jquery-1.10.2.js
2014-09-19 17:21:45,861 - web2py.rewrite - DEBUG - routes_out: [/zcomx/static/css/calendar.css] -> /zcomx/static/css/calendar.css
2014-09-19 17:21:45,861 - web2py.rewrite - DEBUG - routes_out: [/zcomx/static/js/calendar.js] -> /zcomx/static/js/calendar.js
2014-09-19 17:21:45,862 - web2py.rewrite - DEBUG - routes_out: [/zcomx/static/js/web2py.js] -> /zcomx/static/js/web2py.js
2014-09-19 17:21:45,862 - web2py.rewrite - DEBUG - routes_out: [/zcomx/static/fonts/zco.mx/zco.mx.css] -> /zcomx/static/fonts/zco.mx/zco.mx.css
2014-09-19 17:21:45,862 - web2py.rewrite - DEBUG - routes_out: [/zcomx/static/css/custom.css] -> /zcomx/static/css/custom.css
2014-09-19 17:21:45,863 - web2py.rewrite - DEBUG - routes_out: [/zcomx/static/css/web2py_bootstrap_nojs.css] -> /zcomx/static/css/web2py_bootstrap_nojs.css
2014-09-19 17:21:45,872 - web2py.rewrite - DEBUG - routes_out: [/zcomx/default/index] -> /zcomx/default/index
2014-09-19 17:21:45,876 - web2py.rewrite - DEBUG - routes_out: [/zcomx/search/index.html] -> /zcomx/search/index.html
2014-09-19 17:21:45,877 - web2py.rewrite - DEBUG - routes_out: [/zcomx/images/download/creator.image.966676d4ae36a2bf.636875636b5f666f72736d616e2d677261792e6a7067.jpg?size=tbn] -> /zcomx/images/download/creator.image.966676d4ae36a2bf.636875636b5f666f72736d616e2d677261792e6a7067.jpg?size=tbn
2014-09-19 17:21:45,879 - web2py.rewrite - DEBUG - routes_out: [/zcomx/creators/books.load/3] -> /zcomx/creators/books.load/3
2014-09-19 17:21:45,880 - web2py.rewrite - DEBUG - routes_out: [/zcomx/static/js/description.js] -> /zcomx/static/js/description.js
2014-09-19 17:21:45,880 - web2py.rewrite - DEBUG - routes_out: [/zcomx/default/index] -> /zcomx/default/index
2014-09-19 17:21:45,881 - web2py.rewrite - DEBUG - routes_out: [/zcomx/static/images/zco.mx-logo-small.png] -> /zcomx/static/images/zco.mx-logo-small.png
2014-09-19 17:21:45,881 - web2py.rewrite - DEBUG - routes_out: [/zcomx/default/faq] -> /zcomx/default/faq
2014-09-19 17:21:45,882 - web2py.rewrite - DEBUG - routes_out: [/zcomx/default/user/login] -> /zcomx/default/user/login
2014-09-19 17:21:45,882 - web2py.rewrite - DEBUG - routes_out: [/zcomx/static/bootstrap/js/bootstrap.js] -> /zcomx/static/bootstrap/js/bootstrap.js
2014-09-19 17:21:45,883 - web2py.rewrite - DEBUG - routes_out: [/zcomx/static/js/web2py_bootstrap.js] -> /zcomx/static/js/web2py_bootstrap.js
2014-09-19 17:21:45,883 - web2py.rewrite - DEBUG - routes_out: [/zcomx/static/js/dd_belatedpng.js] -> /zcomx/static/js/dd_belatedpng.js
2014-09-19 17:21:45,884 - web2py.rewrite - DEBUG - routes_out: [/zcomx/static/js/zco.mx.js] -> /zcomx/static/js/zco.mx.js
2014-09-19 17:21:45,884 - web2py.rewrite - DEBUG - routes_out: [/zcomx/static/images] -> /zcomx/static/images
2014-09-19 17:21:45,884 - web2py.rewrite - DEBUG - routes_out: [/zcomx/static/js/share.js?static=%2Fzcomx%2Fstatic%2Fimages] -> /zcomx/static/js/share.js?static=%2Fzcomx%2Fstatic%2Fimages
2014-09-19 17:21:46,443 - web2py.rewrite - DEBUG - select routing parameters: BASE
2014-09-19 17:21:46,515 - web2py.rewrite - DEBUG - select routing parameters: BASE
2014-09-19 17:21:46,531 - web2py.rewrite - DEBUG - routes_out: [/zcomx/default/index.load] -> /zcomx/default/index.load
2014-09-19 17:21:46,532 - web2py.rewrite - DEBUG - routes_out: [/zcomx/default/user.load/login] -> /zcomx/default/user.load/login
2014-09-19 17:21:46,532 - web2py.rewrite - DEBUG - routes_out: [/zcomx/default/user.load/profile] -> /zcomx/default/user.load/profile
2014-09-19 17:21:46,532 - web2py.rewrite - DEBUG - routes_out: [/zcomx/default/download.load] -> /zcomx/default/download.load
2014-09-19 17:21:46,533 - web2py.rewrite - DEBUG - routes_out: [/zcomx/default/user.load/not_authorized] -> /zcomx/default/user.load/not_authorized
2014-09-19 17:21:46,548 - web2py.rewrite - DEBUG - routes_out: [/zcomx/default/books.load] -> /zcomx/default/books.load
2014-09-19 17:21:46,548 - web2py.rewrite - DEBUG - routes_out: [/zcomx/default/download.load] -> /zcomx/default/download.load
2014-09-19 17:21:46,549 - web2py.rewrite - DEBUG - routes_out: [/zcomx/profile/index.load] -> /zcomx/profile/index.load
2014-09-19 17:21:46,549 - web2py.rewrite - DEBUG - routes_out: [/zcomx/creators/index.load] -> /zcomx/creators/index.load
2014-09-19 17:21:46,550 - web2py.rewrite - DEBUG - routes_out: [/zcomx/default/user.load/verify_email] -> /zcomx/default/user.load/verify_email
2014-09-19 17:21:46,550 - web2py.rewrite - DEBUG - routes_out: [/zcomx/default/user.load/reset_password] -> /zcomx/default/user.load/reset_password
2014-09-19 17:21:46,587 - web2py.rewrite - DEBUG - routes_out: [/zcomx/creators/books.load/3?view=list] -> /zcomx/creators/books.load/3?view=list
2014-09-19 17:21:46,588 - web2py.rewrite - DEBUG - routes_out: [/zcomx/creators/books.load/3?view=tile] -> /zcomx/creators/books.load/3?view=tile
2014-09-19 17:21:46,588 - web2py.rewrite - DEBUG - routes_out: [/zcomx/search/list_grid.load?creator_id=3&released=0] -> /zcomx/search/list_grid.load?creator_id=3&released=0
2014-09-19 17:21:46,659 - web2py.rewrite - DEBUG - select routing parameters: BASE
2014-09-19 17:21:46,982 - web2py.rewrite - DEBUG - routes_out: [/zcomx/default/index.load] -> /zcomx/default/index.load
2014-09-19 17:21:46,983 - web2py.rewrite - DEBUG - routes_out: [/zcomx/default/user.load/login] -> /zcomx/default/user.load/login
2014-09-19 17:21:46,983 - web2py.rewrite - DEBUG - routes_out: [/zcomx/default/user.load/profile] -> /zcomx/default/user.load/profile
2014-09-19 17:21:46,983 - web2py.rewrite - DEBUG - routes_out: [/zcomx/default/download.load] -> /zcomx/default/download.load
2014-09-19 17:21:46,984 - web2py.rewrite - DEBUG - routes_out: [/zcomx/default/user.load/not_authorized] -> /zcomx/default/user.load/not_authorized
2014-09-19 17:21:47,002 - web2py.rewrite - DEBUG - routes_out: [/zcomx/default/list_grid.load] -> /zcomx/default/list_grid.load
2014-09-19 17:21:47,002 - web2py.rewrite - DEBUG - routes_out: [/zcomx/default/download.load] -> /zcomx/default/download.load
2014-09-19 17:21:47,003 - web2py.rewrite - DEBUG - routes_out: [/zcomx/profile/index.load] -> /zcomx/profile/index.load
2014-09-19 17:21:47,003 - web2py.rewrite - DEBUG - routes_out: [/zcomx/search/index.load] -> /zcomx/search/index.load
2014-09-19 17:21:47,004 - web2py.rewrite - DEBUG - routes_out: [/zcomx/default/user.load/verify_email] -> /zcomx/default/user.load/verify_email
2014-09-19 17:21:47,004 - web2py.rewrite - DEBUG - routes_out: [/zcomx/default/user.load/reset_password] -> /zcomx/default/user.load/reset_password
2014-09-19 17:21:47,048 - web2py.rewrite - DEBUG - routes_out: [/zcomx/search/list_grid.load?creator_id=3&released=0] -> /zcomx/search/list_grid.load?creator_id=3&released=0
2014-09-19 17:21:47,048 - web2py.rewrite - DEBUG - routes_out: [/zcomx/search/list_grid.load?creator_id=3&released=0] -> /zcomx/search/list_grid.load?creator_id=3&released=0
2014-09-19 17:21:47,050 - web2py.rewrite - DEBUG - routes_out: [/zcomx/search/list_grid.load?creator_id=3&released=0] -> /zcomx/search/list_grid.load?creator_id=3&released=0
2014-09-19 17:21:47,054 - web2py.rewrite - DEBUG - routes_out: [/zcomx/search/list_grid.load?creator_id=3&keywords=&order=book.name&released=0] -> /zcomx/search/list_grid.load?creator_id=3&keywords=&order=book.name&released=0
2014-09-19 17:21:47,055 - web2py.rewrite - DEBUG - routes_out: [/zcomx/search/list_grid.load?creator_id=3&keywords=&order=auth_user.name&released=0] -> /zcomx/search/list_grid.load?creator_id=3&keywords=&order=auth_user.name&released=0
2014-09-19 17:21:47,063 - web2py.rewrite - DEBUG - routes_out: [/zcomx/books/book/5] -> /zcomx/books/book/5
2014-09-19 17:21:47,065 - web2py.rewrite - DEBUG - routes_out: [/zcomx/Charles_Forsman/index] -> /zcomx/Charles_Forsman/index
2014-09-19 17:21:47,068 - web2py.rewrite - DEBUG - routes_out: [/zcomx/books/slider/5] -> /zcomx/books/slider/5
2014-09-19 17:21:47,068 - web2py.rewrite - DEBUG - routes_out: [/zcomx/books/download/5] -> /zcomx/books/download/5
2014-09-19 17:21:47,069 - web2py.rewrite - DEBUG - routes_out: [/zcomx/books/book/5] -> /zcomx/books/book/5
2014-09-19 17:21:47,260 - web2py.rewrite - DEBUG - routes_out: [/zcomx/default/index] -> /zcomx/default/index
2014-09-19 17:21:47,261 - web2py.rewrite - DEBUG - routes_out: [/zcomx/default/user/login] -> /zcomx/default/user/login
2014-09-19 17:21:47,261 - web2py.rewrite - DEBUG - routes_out: [/zcomx/default/user/profile] -> /zcomx/default/user/profile
2014-09-19 17:21:47,262 - web2py.rewrite - DEBUG - routes_out: [/zcomx/default/download] -> /zcomx/default/download
2014-09-19 17:21:47,262 - web2py.rewrite - DEBUG - routes_out: [/zcomx/default/user/not_authorized] -> /zcomx/default/user/not_authorized
2014-09-19 17:21:47,279 - web2py.rewrite - DEBUG - routes_out: [/zcomx/default/download] -> /zcomx/default/download
2014-09-19 17:21:47,280 - web2py.rewrite - DEBUG - routes_out: [/zcomx/default/download] -> /zcomx/default/download
2014-09-19 17:21:47,281 - web2py.rewrite - DEBUG - routes_out: [/zcomx/profile/index] -> /zcomx/profile/index
2014-09-19 17:21:47,281 - web2py.rewrite - DEBUG - routes_out: [/zcomx/images/index] -> /zcomx/images/index
2014-09-19 17:21:47,282 - web2py.rewrite - DEBUG - routes_out: [/zcomx/default/user/verify_email] -> /zcomx/default/user/verify_email
2014-09-19 17:21:47,282 - web2py.rewrite - DEBUG - routes_out: [/zcomx/default/user/reset_password] -> /zcomx/default/user/reset_password
2014-09-19 17:45:59,840 - web2py.rewrite - DEBUG - URL rewrite is on. configuration in /srv/http/jimk.zsw.ca/web2py/applications/zcomx/routes.py
2014-09-19 17:45:59,840 - web2py.rewrite - DEBUG - URL rewrite is on. configuration in /srv/http/jimk.zsw.ca/web2py/routes.py
2014-09-19 17:46:41,570 - web2py.rewrite - DEBUG - URL rewrite is on. configuration in /srv/http/jimk.zsw.ca/web2py/applications/zcomx/routes.py
2014-09-19 17:46:41,571 - web2py.rewrite - DEBUG - URL rewrite is on. configuration in /srv/http/jimk.zsw.ca/web2py/routes.py
2014-09-19 17:49:55,948 - web2py.rewrite - DEBUG - URL rewrite is on. configuration in /srv/http/jimk.zsw.ca/web2py/applications/zcomx/routes.py
2014-09-19 17:49:55,948 - web2py.rewrite - DEBUG - URL rewrite is on. configuration in /srv/http/jimk.zsw.ca/web2py/routes.py
2014-09-20 02:00:02,240 - web2py.rewrite - DEBUG - URL rewrite is on. configuration in /srv/http/jimk.zsw.ca/web2py/routes.py
2014-09-20 02:00:02,562 - web2py.rewrite - DEBUG - routes_out: [/zcomx/default/index] -> /zcomx/default/index
2014-09-20 02:00:02,562 - web2py.rewrite - DEBUG - routes_out: [/zcomx/default/user/login] -> /zcomx/default/user/login
2014-09-20 02:00:02,562 - web2py.rewrite - DEBUG - routes_out: [/zcomx/default/user/profile] -> /zcomx/default/user/profile
2014-09-20 02:00:02,563 - web2py.rewrite - DEBUG - routes_out: [/zcomx/default/download] -> /zcomx/default/download
2014-09-20 02:00:02,563 - web2py.rewrite - DEBUG - routes_out: [/zcomx/default/user/not_authorized] -> /zcomx/default/user/not_authorized
2014-09-20 02:00:02,579 - web2py.rewrite - DEBUG - routes_out: [/zcomx/default/index] -> /zcomx/default/index
2014-09-20 02:00:02,579 - web2py.rewrite - DEBUG - routes_out: [/zcomx/default/download] -> /zcomx/default/download
2014-09-20 02:00:02,582 - web2py.rewrite - DEBUG - routes_out: [/zcomx/profile/index] -> /zcomx/profile/index
2014-09-20 02:00:02,582 - web2py.rewrite - DEBUG - routes_out: [/zcomx/default/index] -> /zcomx/default/index
2014-09-20 02:00:02,583 - web2py.rewrite - DEBUG - routes_out: [/zcomx/default/user/verify_email] -> /zcomx/default/user/verify_email
2014-09-20 02:00:02,583 - web2py.rewrite - DEBUG - routes_out: [/zcomx/default/user/reset_password] -> /zcomx/default/user/reset_password
2014-09-20 02:00:03,730 - web2py.rewrite - DEBUG - URL rewrite is on. configuration in /srv/http/jimk.zsw.ca/web2py/routes.py
2014-09-20 02:00:03,880 - web2py.rewrite - DEBUG - routes_out: [/zcomx/default/index] -> /zcomx/default/index
2014-09-20 02:00:03,881 - web2py.rewrite - DEBUG - routes_out: [/zcomx/default/user/login] -> /zcomx/default/user/login
2014-09-20 02:00:03,881 - web2py.rewrite - DEBUG - routes_out: [/zcomx/default/user/profile] -> /zcomx/default/user/profile
2014-09-20 02:00:03,881 - web2py.rewrite - DEBUG - routes_out: [/zcomx/default/download] -> /zcomx/default/download
2014-09-20 02:00:03,882 - web2py.rewrite - DEBUG - routes_out: [/zcomx/default/user/not_authorized] -> /zcomx/default/user/not_authorized
2014-09-20 02:00:03,890 - web2py.rewrite - DEBUG - routes_out: [/zcomx/default/index] -> /zcomx/default/index
2014-09-20 02:00:03,891 - web2py.rewrite - DEBUG - routes_out: [/zcomx/default/download] -> /zcomx/default/download
2014-09-20 02:00:03,891 - web2py.rewrite - DEBUG - routes_out: [/zcomx/profile/index] -> /zcomx/profile/index
2014-09-20 02:00:03,892 - web2py.rewrite - DEBUG - routes_out: [/zcomx/default/index] -> /zcomx/default/index
2014-09-20 02:00:03,892 - web2py.rewrite - DEBUG - routes_out: [/zcomx/default/user/verify_email] -> /zcomx/default/user/verify_email
2014-09-20 02:00:03,892 - web2py.rewrite - DEBUG - routes_out: [/zcomx/default/user/reset_password] -> /zcomx/default/user/reset_password
2014-09-20 02:00:03,916 - web2py.rewrite - DEBUG - routes_out: [/zcomx/default/index] -> /zcomx/default/index
2014-09-20 02:00:03,916 - web2py.rewrite - DEBUG - routes_out: [/zcomx/default/user/login] -> /zcomx/default/user/login
2014-09-20 02:00:03,921 - web2py.rewrite - DEBUG - routes_out: [/zcomx/default/user/profile] -> /zcomx/default/user/profile
2014-09-20 02:00:03,921 - web2py.rewrite - DEBUG - routes_out: [/zcomx/default/download] -> /zcomx/default/download
2014-09-20 02:00:03,921 - web2py.rewrite - DEBUG - routes_out: [/zcomx/default/user/not_authorized] -> /zcomx/default/user/not_authorized
2014-09-20 02:00:03,929 - web2py.rewrite - DEBUG - routes_out: [/zcomx/default/index] -> /zcomx/default/index
2014-09-20 02:00:03,929 - web2py.rewrite - DEBUG - routes_out: [/zcomx/default/download] -> /zcomx/default/download
2014-09-20 02:00:03,930 - web2py.rewrite - DEBUG - routes_out: [/zcomx/profile/index] -> /zcomx/profile/index
2014-09-20 02:00:03,930 - web2py.rewrite - DEBUG - routes_out: [/zcomx/default/index] -> /zcomx/default/index
2014-09-20 02:00:03,930 - web2py.rewrite - DEBUG - routes_out: [/zcomx/default/user/verify_email] -> /zcomx/default/user/verify_email
2014-09-20 02:00:03,931 - web2py.rewrite - DEBUG - routes_out: [/zcomx/default/user/reset_password] -> /zcomx/default/user/reset_password
2014-09-20 02:00:04,489 - web2py.rewrite - DEBUG - URL rewrite is on. configuration in /srv/http/jimk.zsw.ca/web2py/routes.py
2014-09-20 02:00:04,777 - web2py.rewrite - DEBUG - routes_out: [/zcomx/default/index] -> /zcomx/default/index
2014-09-20 02:00:04,778 - web2py.rewrite - DEBUG - routes_out: [/zcomx/default/user/login] -> /zcomx/default/user/login
2014-09-20 02:00:04,778 - web2py.rewrite - DEBUG - routes_out: [/zcomx/default/user/profile] -> /zcomx/default/user/profile
2014-09-20 02:00:04,778 - web2py.rewrite - DEBUG - routes_out: [/zcomx/default/download] -> /zcomx/default/download
2014-09-20 02:00:04,779 - web2py.rewrite - DEBUG - routes_out: [/zcomx/default/user/not_authorized] -> /zcomx/default/user/not_authorized
2014-09-20 02:00:04,795 - web2py.rewrite - DEBUG - routes_out: [/zcomx/default/index] -> /zcomx/default/index
2014-09-20 02:00:04,796 - web2py.rewrite - DEBUG - routes_out: [/zcomx/default/download] -> /zcomx/default/download
2014-09-20 02:00:04,797 - web2py.rewrite - DEBUG - routes_out: [/zcomx/profile/index] -> /zcomx/profile/index
2014-09-20 02:00:04,798 - web2py.rewrite - DEBUG - routes_out: [/zcomx/default/index] -> /zcomx/default/index
2014-09-20 02:00:04,798 - web2py.rewrite - DEBUG - routes_out: [/zcomx/default/user/verify_email] -> /zcomx/default/user/verify_email
2014-09-20 02:00:04,798 - web2py.rewrite - DEBUG - routes_out: [/zcomx/default/user/reset_password] -> /zcomx/default/user/reset_password
2014-09-20 02:00:04,852 - web2py.rewrite - DEBUG - routes_out: [/zcomx/default/index] -> /zcomx/default/index
2014-09-20 02:00:04,853 - web2py.rewrite - DEBUG - routes_out: [/zcomx/default/user/login] -> /zcomx/default/user/login
2014-09-20 02:00:04,854 - web2py.rewrite - DEBUG - routes_out: [/zcomx/default/user/profile] -> /zcomx/default/user/profile
2014-09-20 02:00:04,855 - web2py.rewrite - DEBUG - routes_out: [/zcomx/default/download] -> /zcomx/default/download
2014-09-20 02:00:04,855 - web2py.rewrite - DEBUG - routes_out: [/zcomx/default/user/not_authorized] -> /zcomx/default/user/not_authorized
2014-09-20 02:00:04,871 - web2py.rewrite - DEBUG - routes_out: [/zcomx/default/index] -> /zcomx/default/index
2014-09-20 02:00:04,872 - web2py.rewrite - DEBUG - routes_out: [/zcomx/default/download] -> /zcomx/default/download
2014-09-20 02:00:04,873 - web2py.rewrite - DEBUG - routes_out: [/zcomx/profile/index] -> /zcomx/profile/index
2014-09-20 02:00:04,873 - web2py.rewrite - DEBUG - routes_out: [/zcomx/default/index] -> /zcomx/default/index
2014-09-20 02:00:04,874 - web2py.rewrite - DEBUG - routes_out: [/zcomx/default/user/verify_email] -> /zcomx/default/user/verify_email
2014-09-20 02:00:04,874 - web2py.rewrite - DEBUG - routes_out: [/zcomx/default/user/reset_password] -> /zcomx/default/user/reset_password
2014-09-20 02:00:05,387 - web2py.rewrite - DEBUG - URL rewrite is on. configuration in /srv/http/jimk.zsw.ca/web2py/routes.py
2014-09-20 02:00:05,529 - web2py.rewrite - DEBUG - routes_out: [/zcomx/default/index] -> /zcomx/default/index
2014-09-20 02:00:05,529 - web2py.rewrite - DEBUG - routes_out: [/zcomx/default/user/login] -> /zcomx/default/user/login
2014-09-20 02:00:05,529 - web2py.rewrite - DEBUG - routes_out: [/zcomx/default/user/profile] -> /zcomx/default/user/profile
2014-09-20 02:00:05,530 - web2py.rewrite - DEBUG - routes_out: [/zcomx/default/download] -> /zcomx/default/download
2014-09-20 02:00:05,530 - web2py.rewrite - DEBUG - routes_out: [/zcomx/default/user/not_authorized] -> /zcomx/default/user/not_authorized
2014-09-20 02:00:05,538 - web2py.rewrite - DEBUG - routes_out: [/zcomx/default/index] -> /zcomx/default/index
2014-09-20 02:00:05,538 - web2py.rewrite - DEBUG - routes_out: [/zcomx/default/download] -> /zcomx/default/download
2014-09-20 02:00:05,538 - web2py.rewrite - DEBUG - routes_out: [/zcomx/profile/index] -> /zcomx/profile/index
2014-09-20 02:00:05,539 - web2py.rewrite - DEBUG - routes_out: [/zcomx/default/index] -> /zcomx/default/index
2014-09-20 02:00:05,539 - web2py.rewrite - DEBUG - routes_out: [/zcomx/default/user/verify_email] -> /zcomx/default/user/verify_email
2014-09-20 02:00:05,539 - web2py.rewrite - DEBUG - routes_out: [/zcomx/default/user/reset_password] -> /zcomx/default/user/reset_password
2014-09-20 02:00:05,565 - web2py.rewrite - DEBUG - routes_out: [/zcomx/default/index] -> /zcomx/default/index
2014-09-20 02:00:05,565 - web2py.rewrite - DEBUG - routes_out: [/zcomx/default/user/login] -> /zcomx/default/user/login
2014-09-20 02:00:05,565 - web2py.rewrite - DEBUG - routes_out: [/zcomx/default/user/profile] -> /zcomx/default/user/profile
2014-09-20 02:00:05,566 - web2py.rewrite - DEBUG - routes_out: [/zcomx/default/download] -> /zcomx/default/download
2014-09-20 02:00:05,566 - web2py.rewrite - DEBUG - routes_out: [/zcomx/default/user/not_authorized] -> /zcomx/default/user/not_authorized
2014-09-20 02:00:05,574 - web2py.rewrite - DEBUG - routes_out: [/zcomx/default/index] -> /zcomx/default/index
2014-09-20 02:00:05,574 - web2py.rewrite - DEBUG - routes_out: [/zcomx/default/download] -> /zcomx/default/download
2014-09-20 02:00:05,575 - web2py.rewrite - DEBUG - routes_out: [/zcomx/profile/index] -> /zcomx/profile/index
2014-09-20 02:00:05,575 - web2py.rewrite - DEBUG - routes_out: [/zcomx/default/index] -> /zcomx/default/index
2014-09-20 02:00:05,575 - web2py.rewrite - DEBUG - routes_out: [/zcomx/default/user/verify_email] -> /zcomx/default/user/verify_email
2014-09-20 02:00:05,575 - web2py.rewrite - DEBUG - routes_out: [/zcomx/default/user/reset_password] -> /zcomx/default/user/reset_password
2014-09-20 02:00:06,285 - web2py.rewrite - DEBUG - URL rewrite is on. configuration in /srv/http/jimk.zsw.ca/web2py/routes.py
2014-09-20 02:00:06,498 - web2py.rewrite - DEBUG - routes_out: [/zcomx/default/index] -> /zcomx/default/index
2014-09-20 02:00:06,499 - web2py.rewrite - DEBUG - routes_out: [/zcomx/default/user/login] -> /zcomx/default/user/login
2014-09-20 02:00:06,499 - web2py.rewrite - DEBUG - routes_out: [/zcomx/default/user/profile] -> /zcomx/default/user/profile
2014-09-20 02:00:06,499 - web2py.rewrite - DEBUG - routes_out: [/zcomx/default/download] -> /zcomx/default/download
2014-09-20 02:00:06,500 - web2py.rewrite - DEBUG - routes_out: [/zcomx/default/user/not_authorized] -> /zcomx/default/user/not_authorized
2014-09-20 02:00:06,511 - web2py.rewrite - DEBUG - routes_out: [/zcomx/default/index] -> /zcomx/default/index
2014-09-20 02:00:06,512 - web2py.rewrite - DEBUG - routes_out: [/zcomx/default/download] -> /zcomx/default/download
2014-09-20 02:00:06,512 - web2py.rewrite - DEBUG - routes_out: [/zcomx/profile/index] -> /zcomx/profile/index
2014-09-20 02:00:06,513 - web2py.rewrite - DEBUG - routes_out: [/zcomx/default/index] -> /zcomx/default/index
2014-09-20 02:00:06,513 - web2py.rewrite - DEBUG - routes_out: [/zcomx/default/user/verify_email] -> /zcomx/default/user/verify_email
2014-09-20 02:00:06,514 - web2py.rewrite - DEBUG - routes_out: [/zcomx/default/user/reset_password] -> /zcomx/default/user/reset_password
2014-09-20 02:00:06,565 - web2py.rewrite - DEBUG - routes_out: [/zcomx/default/index] -> /zcomx/default/index
2014-09-20 02:00:06,565 - web2py.rewrite - DEBUG - routes_out: [/zcomx/default/user/login] -> /zcomx/default/user/login
2014-09-20 02:00:06,565 - web2py.rewrite - DEBUG - routes_out: [/zcomx/default/user/profile] -> /zcomx/default/user/profile
2014-09-20 02:00:06,566 - web2py.rewrite - DEBUG - routes_out: [/zcomx/default/download] -> /zcomx/default/download
2014-09-20 02:00:06,566 - web2py.rewrite - DEBUG - routes_out: [/zcomx/default/user/not_authorized] -> /zcomx/default/user/not_authorized
2014-09-20 02:00:06,577 - web2py.rewrite - DEBUG - routes_out: [/zcomx/default/index] -> /zcomx/default/index
2014-09-20 02:00:06,578 - web2py.rewrite - DEBUG - routes_out: [/zcomx/default/download] -> /zcomx/default/download
2014-09-20 02:00:06,578 - web2py.rewrite - DEBUG - routes_out: [/zcomx/profile/index] -> /zcomx/profile/index
2014-09-20 02:00:06,579 - web2py.rewrite - DEBUG - routes_out: [/zcomx/default/index] -> /zcomx/default/index
2014-09-20 02:00:06,579 - web2py.rewrite - DEBUG - routes_out: [/zcomx/default/user/verify_email] -> /zcomx/default/user/verify_email
2014-09-20 02:00:06,579 - web2py.rewrite - DEBUG - routes_out: [/zcomx/default/user/reset_password] -> /zcomx/default/user/reset_password
2014-09-20 02:00:07,142 - web2py.rewrite - DEBUG - URL rewrite is on. configuration in /srv/http/jimk.zsw.ca/web2py/routes.py
2014-09-20 02:00:07,294 - web2py.rewrite - DEBUG - routes_out: [/zcomx/default/index] -> /zcomx/default/index
2014-09-20 02:00:07,294 - web2py.rewrite - DEBUG - routes_out: [/zcomx/default/user/login] -> /zcomx/default/user/login
2014-09-20 02:00:07,294 - web2py.rewrite - DEBUG - routes_out: [/zcomx/default/user/profile] -> /zcomx/default/user/profile
2014-09-20 02:00:07,295 - web2py.rewrite - DEBUG - routes_out: [/zcomx/default/download] -> /zcomx/default/download
2014-09-20 02:00:07,295 - web2py.rewrite - DEBUG - routes_out: [/zcomx/default/user/not_authorized] -> /zcomx/default/user/not_authorized
2014-09-20 02:00:07,303 - web2py.rewrite - DEBUG - routes_out: [/zcomx/default/index] -> /zcomx/default/index
2014-09-20 02:00:07,303 - web2py.rewrite - DEBUG - routes_out: [/zcomx/default/download] -> /zcomx/default/download
2014-09-20 02:00:07,303 - web2py.rewrite - DEBUG - routes_out: [/zcomx/profile/index] -> /zcomx/profile/index
2014-09-20 02:00:07,304 - web2py.rewrite - DEBUG - routes_out: [/zcomx/default/index] -> /zcomx/default/index
2014-09-20 02:00:07,304 - web2py.rewrite - DEBUG - routes_out: [/zcomx/default/user/verify_email] -> /zcomx/default/user/verify_email
2014-09-20 02:00:07,304 - web2py.rewrite - DEBUG - routes_out: [/zcomx/default/user/reset_password] -> /zcomx/default/user/reset_password
2014-09-20 02:00:07,330 - web2py.rewrite - DEBUG - routes_out: [/zcomx/default/index] -> /zcomx/default/index
2014-09-20 02:00:07,330 - web2py.rewrite - DEBUG - routes_out: [/zcomx/default/user/login] -> /zcomx/default/user/login
2014-09-20 02:00:07,330 - web2py.rewrite - DEBUG - routes_out: [/zcomx/default/user/profile] -> /zcomx/default/user/profile
2014-09-20 02:00:07,331 - web2py.rewrite - DEBUG - routes_out: [/zcomx/default/download] -> /zcomx/default/download
2014-09-20 02:00:07,331 - web2py.rewrite - DEBUG - routes_out: [/zcomx/default/user/not_authorized] -> /zcomx/default/user/not_authorized
2014-09-20 02:00:07,338 - web2py.rewrite - DEBUG - routes_out: [/zcomx/default/index] -> /zcomx/default/index
2014-09-20 02:00:07,339 - web2py.rewrite - DEBUG - routes_out: [/zcomx/default/download] -> /zcomx/default/download
2014-09-20 02:00:07,339 - web2py.rewrite - DEBUG - routes_out: [/zcomx/profile/index] -> /zcomx/profile/index
2014-09-20 02:00:07,339 - web2py.rewrite - DEBUG - routes_out: [/zcomx/default/index] -> /zcomx/default/index
2014-09-20 02:00:07,340 - web2py.rewrite - DEBUG - routes_out: [/zcomx/default/user/verify_email] -> /zcomx/default/user/verify_email
2014-09-20 02:00:07,340 - web2py.rewrite - DEBUG - routes_out: [/zcomx/default/user/reset_password] -> /zcomx/default/user/reset_password
2014-09-20 02:00:07,717 - web2py.rewrite - DEBUG - URL rewrite is on. configuration in /srv/http/jimk.zsw.ca/web2py/routes.py
2014-09-20 02:00:07,857 - web2py.rewrite - DEBUG - routes_out: [/zcomx/default/index] -> /zcomx/default/index
2014-09-20 02:00:07,857 - web2py.rewrite - DEBUG - routes_out: [/zcomx/default/user/login] -> /zcomx/default/user/login
2014-09-20 02:00:07,858 - web2py.rewrite - DEBUG - routes_out: [/zcomx/default/user/profile] -> /zcomx/default/user/profile
2014-09-20 02:00:07,858 - web2py.rewrite - DEBUG - routes_out: [/zcomx/default/download] -> /zcomx/default/download
2014-09-20 02:00:07,858 - web2py.rewrite - DEBUG - routes_out: [/zcomx/default/user/not_authorized] -> /zcomx/default/user/not_authorized
2014-09-20 02:00:07,866 - web2py.rewrite - DEBUG - routes_out: [/zcomx/default/index] -> /zcomx/default/index
2014-09-20 02:00:07,866 - web2py.rewrite - DEBUG - routes_out: [/zcomx/default/download] -> /zcomx/default/download
2014-09-20 02:00:07,867 - web2py.rewrite - DEBUG - routes_out: [/zcomx/profile/index] -> /zcomx/profile/index
2014-09-20 02:00:07,867 - web2py.rewrite - DEBUG - routes_out: [/zcomx/default/index] -> /zcomx/default/index
2014-09-20 02:00:07,867 - web2py.rewrite - DEBUG - routes_out: [/zcomx/default/user/verify_email] -> /zcomx/default/user/verify_email
2014-09-20 02:00:07,867 - web2py.rewrite - DEBUG - routes_out: [/zcomx/default/user/reset_password] -> /zcomx/default/user/reset_password
2014-09-20 02:00:07,911 - web2py.rewrite - DEBUG - routes_out: [/zcomx/default/index] -> /zcomx/default/index
2014-09-20 02:00:07,912 - web2py.rewrite - DEBUG - routes_out: [/zcomx/default/user/login] -> /zcomx/default/user/login
2014-09-20 02:00:07,912 - web2py.rewrite - DEBUG - routes_out: [/zcomx/default/user/profile] -> /zcomx/default/user/profile
2014-09-20 02:00:07,912 - web2py.rewrite - DEBUG - routes_out: [/zcomx/default/download] -> /zcomx/default/download
2014-09-20 02:00:07,912 - web2py.rewrite - DEBUG - routes_out: [/zcomx/default/user/not_authorized] -> /zcomx/default/user/not_authorized
2014-09-20 02:00:07,920 - web2py.rewrite - DEBUG - routes_out: [/zcomx/default/index] -> /zcomx/default/index
2014-09-20 02:00:07,920 - web2py.rewrite - DEBUG - routes_out: [/zcomx/default/download] -> /zcomx/default/download
2014-09-20 02:00:07,921 - web2py.rewrite - DEBUG - routes_out: [/zcomx/profile/index] -> /zcomx/profile/index
2014-09-20 02:00:07,921 - web2py.rewrite - DEBUG - routes_out: [/zcomx/default/index] -> /zcomx/default/index
2014-09-20 02:00:07,922 - web2py.rewrite - DEBUG - routes_out: [/zcomx/default/user/verify_email] -> /zcomx/default/user/verify_email
2014-09-20 02:00:07,922 - web2py.rewrite - DEBUG - routes_out: [/zcomx/default/user/reset_password] -> /zcomx/default/user/reset_password
2014-09-20 02:00:08,315 - web2py.rewrite - DEBUG - URL rewrite is on. configuration in /srv/http/jimk.zsw.ca/web2py/routes.py
2014-09-20 02:00:08,478 - web2py.rewrite - DEBUG - routes_out: [/zcomx/default/index] -> /zcomx/default/index
2014-09-20 02:00:08,479 - web2py.rewrite - DEBUG - routes_out: [/zcomx/default/user/login] -> /zcomx/default/user/login
2014-09-20 02:00:08,479 - web2py.rewrite - DEBUG - routes_out: [/zcomx/default/user/profile] -> /zcomx/default/user/profile
2014-09-20 02:00:08,479 - web2py.rewrite - DEBUG - routes_out: [/zcomx/default/download] -> /zcomx/default/download
2014-09-20 02:00:08,480 - web2py.rewrite - DEBUG - routes_out: [/zcomx/default/user/not_authorized] -> /zcomx/default/user/not_authorized
2014-09-20 02:00:08,487 - web2py.rewrite - DEBUG - routes_out: [/zcomx/default/index] -> /zcomx/default/index
2014-09-20 02:00:08,488 - web2py.rewrite - DEBUG - routes_out: [/zcomx/default/download] -> /zcomx/default/download
2014-09-20 02:00:08,488 - web2py.rewrite - DEBUG - routes_out: [/zcomx/profile/index] -> /zcomx/profile/index
2014-09-20 02:00:08,488 - web2py.rewrite - DEBUG - routes_out: [/zcomx/default/index] -> /zcomx/default/index
2014-09-20 02:00:08,489 - web2py.rewrite - DEBUG - routes_out: [/zcomx/default/user/verify_email] -> /zcomx/default/user/verify_email
2014-09-20 02:00:08,489 - web2py.rewrite - DEBUG - routes_out: [/zcomx/default/user/reset_password] -> /zcomx/default/user/reset_password
2014-09-21 02:00:02,554 - web2py.rewrite - DEBUG - URL rewrite is on. configuration in /srv/http/jimk.zsw.ca/web2py/routes.py
2014-09-21 02:00:02,856 - web2py.rewrite - DEBUG - routes_out: [/zcomx/default/index] -> /zcomx/default/index
2014-09-21 02:00:02,857 - web2py.rewrite - DEBUG - routes_out: [/zcomx/default/user/login] -> /zcomx/default/user/login
2014-09-21 02:00:02,862 - web2py.rewrite - DEBUG - routes_out: [/zcomx/default/user/profile] -> /zcomx/default/user/profile
2014-09-21 02:00:02,862 - web2py.rewrite - DEBUG - routes_out: [/zcomx/default/download] -> /zcomx/default/download
2014-09-21 02:00:02,863 - web2py.rewrite - DEBUG - routes_out: [/zcomx/default/user/not_authorized] -> /zcomx/default/user/not_authorized
2014-09-21 02:00:02,874 - web2py.rewrite - DEBUG - routes_out: [/zcomx/default/index] -> /zcomx/default/index
2014-09-21 02:00:02,874 - web2py.rewrite - DEBUG - routes_out: [/zcomx/default/download] -> /zcomx/default/download
2014-09-21 02:00:02,875 - web2py.rewrite - DEBUG - routes_out: [/zcomx/profile/index] -> /zcomx/profile/index
2014-09-21 02:00:02,875 - web2py.rewrite - DEBUG - routes_out: [/zcomx/default/index] -> /zcomx/default/index
2014-09-21 02:00:02,875 - web2py.rewrite - DEBUG - routes_out: [/zcomx/default/user/verify_email] -> /zcomx/default/user/verify_email
2014-09-21 02:00:02,875 - web2py.rewrite - DEBUG - routes_out: [/zcomx/default/user/reset_password] -> /zcomx/default/user/reset_password
2014-09-21 02:00:03,701 - web2py.rewrite - DEBUG - URL rewrite is on. configuration in /srv/http/jimk.zsw.ca/web2py/routes.py
2014-09-21 02:00:03,881 - web2py.rewrite - DEBUG - routes_out: [/zcomx/default/index] -> /zcomx/default/index
2014-09-21 02:00:03,881 - web2py.rewrite - DEBUG - routes_out: [/zcomx/default/user/login] -> /zcomx/default/user/login
2014-09-21 02:00:03,881 - web2py.rewrite - DEBUG - routes_out: [/zcomx/default/user/profile] -> /zcomx/default/user/profile
2014-09-21 02:00:03,882 - web2py.rewrite - DEBUG - routes_out: [/zcomx/default/download] -> /zcomx/default/download
2014-09-21 02:00:03,882 - web2py.rewrite - DEBUG - routes_out: [/zcomx/default/user/not_authorized] -> /zcomx/default/user/not_authorized
2014-09-21 02:00:03,890 - web2py.rewrite - DEBUG - routes_out: [/zcomx/default/index] -> /zcomx/default/index
2014-09-21 02:00:03,890 - web2py.rewrite - DEBUG - routes_out: [/zcomx/default/download] -> /zcomx/default/download
2014-09-21 02:00:03,891 - web2py.rewrite - DEBUG - routes_out: [/zcomx/profile/index] -> /zcomx/profile/index
2014-09-21 02:00:03,891 - web2py.rewrite - DEBUG - routes_out: [/zcomx/default/index] -> /zcomx/default/index
2014-09-21 02:00:03,891 - web2py.rewrite - DEBUG - routes_out: [/zcomx/default/user/verify_email] -> /zcomx/default/user/verify_email
2014-09-21 02:00:03,891 - web2py.rewrite - DEBUG - routes_out: [/zcomx/default/user/reset_password] -> /zcomx/default/user/reset_password
2014-09-21 02:00:03,915 - web2py.rewrite - DEBUG - routes_out: [/zcomx/default/index] -> /zcomx/default/index
2014-09-21 02:00:03,916 - web2py.rewrite - DEBUG - routes_out: [/zcomx/default/user/login] -> /zcomx/default/user/login
2014-09-21 02:00:03,916 - web2py.rewrite - DEBUG - routes_out: [/zcomx/default/user/profile] -> /zcomx/default/user/profile
2014-09-21 02:00:03,916 - web2py.rewrite - DEBUG - routes_out: [/zcomx/default/download] -> /zcomx/default/download
2014-09-21 02:00:03,916 - web2py.rewrite - DEBUG - routes_out: [/zcomx/default/user/not_authorized] -> /zcomx/default/user/not_authorized
2014-09-21 02:00:03,924 - web2py.rewrite - DEBUG - routes_out: [/zcomx/default/index] -> /zcomx/default/index
2014-09-21 02:00:03,924 - web2py.rewrite - DEBUG - routes_out: [/zcomx/default/download] -> /zcomx/default/download
2014-09-21 02:00:03,924 - web2py.rewrite - DEBUG - routes_out: [/zcomx/profile/index] -> /zcomx/profile/index
2014-09-21 02:00:03,924 - web2py.rewrite - DEBUG - routes_out: [/zcomx/default/index] -> /zcomx/default/index
2014-09-21 02:00:03,925 - web2py.rewrite - DEBUG - routes_out: [/zcomx/default/user/verify_email] -> /zcomx/default/user/verify_email
2014-09-21 02:00:03,925 - web2py.rewrite - DEBUG - routes_out: [/zcomx/default/user/reset_password] -> /zcomx/default/user/reset_password
2014-09-21 02:00:04,286 - web2py.rewrite - DEBUG - URL rewrite is on. configuration in /srv/http/jimk.zsw.ca/web2py/routes.py
2014-09-21 02:00:04,431 - web2py.rewrite - DEBUG - routes_out: [/zcomx/default/index] -> /zcomx/default/index
2014-09-21 02:00:04,432 - web2py.rewrite - DEBUG - routes_out: [/zcomx/default/user/login] -> /zcomx/default/user/login
2014-09-21 02:00:04,432 - web2py.rewrite - DEBUG - routes_out: [/zcomx/default/user/profile] -> /zcomx/default/user/profile
2014-09-21 02:00:04,432 - web2py.rewrite - DEBUG - routes_out: [/zcomx/default/download] -> /zcomx/default/download
2014-09-21 02:00:04,432 - web2py.rewrite - DEBUG - routes_out: [/zcomx/default/user/not_authorized] -> /zcomx/default/user/not_authorized
2014-09-21 02:00:04,441 - web2py.rewrite - DEBUG - routes_out: [/zcomx/default/index] -> /zcomx/default/index
2014-09-21 02:00:04,441 - web2py.rewrite - DEBUG - routes_out: [/zcomx/default/download] -> /zcomx/default/download
2014-09-21 02:00:04,442 - web2py.rewrite - DEBUG - routes_out: [/zcomx/profile/index] -> /zcomx/profile/index
2014-09-21 02:00:04,442 - web2py.rewrite - DEBUG - routes_out: [/zcomx/default/index] -> /zcomx/default/index
2014-09-21 02:00:04,443 - web2py.rewrite - DEBUG - routes_out: [/zcomx/default/user/verify_email] -> /zcomx/default/user/verify_email
2014-09-21 02:00:04,443 - web2py.rewrite - DEBUG - routes_out: [/zcomx/default/user/reset_password] -> /zcomx/default/user/reset_password
2014-09-21 02:00:04,471 - web2py.rewrite - DEBUG - routes_out: [/zcomx/default/index] -> /zcomx/default/index
2014-09-21 02:00:04,472 - web2py.rewrite - DEBUG - routes_out: [/zcomx/default/user/login] -> /zcomx/default/user/login
2014-09-21 02:00:04,472 - web2py.rewrite - DEBUG - routes_out: [/zcomx/default/user/profile] -> /zcomx/default/user/profile
2014-09-21 02:00:04,472 - web2py.rewrite - DEBUG - routes_out: [/zcomx/default/download] -> /zcomx/default/download
2014-09-21 02:00:04,473 - web2py.rewrite - DEBUG - routes_out: [/zcomx/default/user/not_authorized] -> /zcomx/default/user/not_authorized
2014-09-21 02:00:04,481 - web2py.rewrite - DEBUG - routes_out: [/zcomx/default/index] -> /zcomx/default/index
2014-09-21 02:00:04,481 - web2py.rewrite - DEBUG - routes_out: [/zcomx/default/download] -> /zcomx/default/download
2014-09-21 02:00:04,482 - web2py.rewrite - DEBUG - routes_out: [/zcomx/profile/index] -> /zcomx/profile/index
2014-09-21 02:00:04,482 - web2py.rewrite - DEBUG - routes_out: [/zcomx/default/index] -> /zcomx/default/index
2014-09-21 02:00:04,482 - web2py.rewrite - DEBUG - routes_out: [/zcomx/default/user/verify_email] -> /zcomx/default/user/verify_email
2014-09-21 02:00:04,482 - web2py.rewrite - DEBUG - routes_out: [/zcomx/default/user/reset_password] -> /zcomx/default/user/reset_password
2014-09-21 02:00:04,888 - web2py.rewrite - DEBUG - URL rewrite is on. configuration in /srv/http/jimk.zsw.ca/web2py/routes.py
2014-09-21 02:00:05,040 - web2py.rewrite - DEBUG - routes_out: [/zcomx/default/index] -> /zcomx/default/index
2014-09-21 02:00:05,040 - web2py.rewrite - DEBUG - routes_out: [/zcomx/default/user/login] -> /zcomx/default/user/login
2014-09-21 02:00:05,040 - web2py.rewrite - DEBUG - routes_out: [/zcomx/default/user/profile] -> /zcomx/default/user/profile
2014-09-21 02:00:05,040 - web2py.rewrite - DEBUG - routes_out: [/zcomx/default/download] -> /zcomx/default/download
2014-09-21 02:00:05,041 - web2py.rewrite - DEBUG - routes_out: [/zcomx/default/user/not_authorized] -> /zcomx/default/user/not_authorized
2014-09-21 02:00:05,051 - web2py.rewrite - DEBUG - routes_out: [/zcomx/default/index] -> /zcomx/default/index
2014-09-21 02:00:05,051 - web2py.rewrite - DEBUG - routes_out: [/zcomx/default/download] -> /zcomx/default/download
2014-09-21 02:00:05,052 - web2py.rewrite - DEBUG - routes_out: [/zcomx/profile/index] -> /zcomx/profile/index
2014-09-21 02:00:05,052 - web2py.rewrite - DEBUG - routes_out: [/zcomx/default/index] -> /zcomx/default/index
2014-09-21 02:00:05,053 - web2py.rewrite - DEBUG - routes_out: [/zcomx/default/user/verify_email] -> /zcomx/default/user/verify_email
2014-09-21 02:00:05,053 - web2py.rewrite - DEBUG - routes_out: [/zcomx/default/user/reset_password] -> /zcomx/default/user/reset_password
2014-09-21 02:00:05,086 - web2py.rewrite - DEBUG - routes_out: [/zcomx/default/index] -> /zcomx/default/index
2014-09-21 02:00:05,086 - web2py.rewrite - DEBUG - routes_out: [/zcomx/default/user/login] -> /zcomx/default/user/login
2014-09-21 02:00:05,087 - web2py.rewrite - DEBUG - routes_out: [/zcomx/default/user/profile] -> /zcomx/default/user/profile
2014-09-21 02:00:05,087 - web2py.rewrite - DEBUG - routes_out: [/zcomx/default/download] -> /zcomx/default/download
2014-09-21 02:00:05,087 - web2py.rewrite - DEBUG - routes_out: [/zcomx/default/user/not_authorized] -> /zcomx/default/user/not_authorized
2014-09-21 02:00:05,098 - web2py.rewrite - DEBUG - routes_out: [/zcomx/default/index] -> /zcomx/default/index
2014-09-21 02:00:05,098 - web2py.rewrite - DEBUG - routes_out: [/zcomx/default/download] -> /zcomx/default/download
2014-09-21 02:00:05,099 - web2py.rewrite - DEBUG - routes_out: [/zcomx/profile/index] -> /zcomx/profile/index
2014-09-21 02:00:05,099 - web2py.rewrite - DEBUG - routes_out: [/zcomx/default/index] -> /zcomx/default/index
2014-09-21 02:00:05,099 - web2py.rewrite - DEBUG - routes_out: [/zcomx/default/user/verify_email] -> /zcomx/default/user/verify_email
2014-09-21 02:00:05,100 - web2py.rewrite - DEBUG - routes_out: [/zcomx/default/user/reset_password] -> /zcomx/default/user/reset_password
2014-09-21 02:00:05,489 - web2py.rewrite - DEBUG - URL rewrite is on. configuration in /srv/http/jimk.zsw.ca/web2py/routes.py
2014-09-21 02:00:05,767 - web2py.rewrite - DEBUG - routes_out: [/zcomx/default/index] -> /zcomx/default/index
2014-09-21 02:00:05,767 - web2py.rewrite - DEBUG - routes_out: [/zcomx/default/user/login] -> /zcomx/default/user/login
2014-09-21 02:00:05,767 - web2py.rewrite - DEBUG - routes_out: [/zcomx/default/user/profile] -> /zcomx/default/user/profile
2014-09-21 02:00:05,768 - web2py.rewrite - DEBUG - routes_out: [/zcomx/default/download] -> /zcomx/default/download
2014-09-21 02:00:05,768 - web2py.rewrite - DEBUG - routes_out: [/zcomx/default/user/not_authorized] -> /zcomx/default/user/not_authorized
2014-09-21 02:00:05,781 - web2py.rewrite - DEBUG - routes_out: [/zcomx/default/index] -> /zcomx/default/index
2014-09-21 02:00:05,782 - web2py.rewrite - DEBUG - routes_out: [/zcomx/default/download] -> /zcomx/default/download
2014-09-21 02:00:05,783 - web2py.rewrite - DEBUG - routes_out: [/zcomx/profile/index] -> /zcomx/profile/index
2014-09-21 02:00:05,783 - web2py.rewrite - DEBUG - routes_out: [/zcomx/default/index] -> /zcomx/default/index
2014-09-21 02:00:05,783 - web2py.rewrite - DEBUG - routes_out: [/zcomx/default/user/verify_email] -> /zcomx/default/user/verify_email
2014-09-21 02:00:05,783 - web2py.rewrite - DEBUG - routes_out: [/zcomx/default/user/reset_password] -> /zcomx/default/user/reset_password
2014-09-21 02:00:05,823 - web2py.rewrite - DEBUG - routes_out: [/zcomx/default/index] -> /zcomx/default/index
2014-09-21 02:00:05,824 - web2py.rewrite - DEBUG - routes_out: [/zcomx/default/user/login] -> /zcomx/default/user/login
2014-09-21 02:00:05,824 - web2py.rewrite - DEBUG - routes_out: [/zcomx/default/user/profile] -> /zcomx/default/user/profile
2014-09-21 02:00:05,824 - web2py.rewrite - DEBUG - routes_out: [/zcomx/default/download] -> /zcomx/default/download
2014-09-21 02:00:05,825 - web2py.rewrite - DEBUG - routes_out: [/zcomx/default/user/not_authorized] -> /zcomx/default/user/not_authorized
2014-09-21 02:00:05,841 - web2py.rewrite - DEBUG - routes_out: [/zcomx/default/index] -> /zcomx/default/index
2014-09-21 02:00:05,842 - web2py.rewrite - DEBUG - routes_out: [/zcomx/default/download] -> /zcomx/default/download
2014-09-21 02:00:05,843 - web2py.rewrite - DEBUG - routes_out: [/zcomx/profile/index] -> /zcomx/profile/index
2014-09-21 02:00:05,843 - web2py.rewrite - DEBUG - routes_out: [/zcomx/default/index] -> /zcomx/default/index
2014-09-21 02:00:05,844 - web2py.rewrite - DEBUG - routes_out: [/zcomx/default/user/verify_email] -> /zcomx/default/user/verify_email
2014-09-21 02:00:05,844 - web2py.rewrite - DEBUG - routes_out: [/zcomx/default/user/reset_password] -> /zcomx/default/user/reset_password
2014-09-21 02:00:06,347 - web2py.rewrite - DEBUG - URL rewrite is on. configuration in /srv/http/jimk.zsw.ca/web2py/routes.py
2014-09-21 02:00:06,530 - web2py.rewrite - DEBUG - routes_out: [/zcomx/default/index] -> /zcomx/default/index
2014-09-21 02:00:06,530 - web2py.rewrite - DEBUG - routes_out: [/zcomx/default/user/login] -> /zcomx/default/user/login
2014-09-21 02:00:06,531 - web2py.rewrite - DEBUG - routes_out: [/zcomx/default/user/profile] -> /zcomx/default/user/profile
2014-09-21 02:00:06,531 - web2py.rewrite - DEBUG - routes_out: [/zcomx/default/download] -> /zcomx/default/download
2014-09-21 02:00:06,531 - web2py.rewrite - DEBUG - routes_out: [/zcomx/default/user/not_authorized] -> /zcomx/default/user/not_authorized
2014-09-21 02:00:06,540 - web2py.rewrite - DEBUG - routes_out: [/zcomx/default/index] -> /zcomx/default/index
2014-09-21 02:00:06,540 - web2py.rewrite - DEBUG - routes_out: [/zcomx/default/download] -> /zcomx/default/download
2014-09-21 02:00:06,541 - web2py.rewrite - DEBUG - routes_out: [/zcomx/profile/index] -> /zcomx/profile/index
2014-09-21 02:00:06,541 - web2py.rewrite - DEBUG - routes_out: [/zcomx/default/index] -> /zcomx/default/index
2014-09-21 02:00:06,541 - web2py.rewrite - DEBUG - routes_out: [/zcomx/default/user/verify_email] -> /zcomx/default/user/verify_email
2014-09-21 02:00:06,542 - web2py.rewrite - DEBUG - routes_out: [/zcomx/default/user/reset_password] -> /zcomx/default/user/reset_password
2014-09-21 02:00:06,567 - web2py.rewrite - DEBUG - routes_out: [/zcomx/default/index] -> /zcomx/default/index
2014-09-21 02:00:06,567 - web2py.rewrite - DEBUG - routes_out: [/zcomx/default/user/login] -> /zcomx/default/user/login
2014-09-21 02:00:06,567 - web2py.rewrite - DEBUG - routes_out: [/zcomx/default/user/profile] -> /zcomx/default/user/profile
2014-09-21 02:00:06,567 - web2py.rewrite - DEBUG - routes_out: [/zcomx/default/download] -> /zcomx/default/download
2014-09-21 02:00:06,568 - web2py.rewrite - DEBUG - routes_out: [/zcomx/default/user/not_authorized] -> /zcomx/default/user/not_authorized
2014-09-21 02:00:06,575 - web2py.rewrite - DEBUG - routes_out: [/zcomx/default/index] -> /zcomx/default/index
2014-09-21 02:00:06,576 - web2py.rewrite - DEBUG - routes_out: [/zcomx/default/download] -> /zcomx/default/download
2014-09-21 02:00:06,576 - web2py.rewrite - DEBUG - routes_out: [/zcomx/profile/index] -> /zcomx/profile/index
2014-09-21 02:00:06,576 - web2py.rewrite - DEBUG - routes_out: [/zcomx/default/index] -> /zcomx/default/index
2014-09-21 02:00:06,576 - web2py.rewrite - DEBUG - routes_out: [/zcomx/default/user/verify_email] -> /zcomx/default/user/verify_email
2014-09-21 02:00:06,577 - web2py.rewrite - DEBUG - routes_out: [/zcomx/default/user/reset_password] -> /zcomx/default/user/reset_password
2014-09-21 02:00:06,948 - web2py.rewrite - DEBUG - URL rewrite is on. configuration in /srv/http/jimk.zsw.ca/web2py/routes.py
2014-09-21 02:00:07,081 - web2py.rewrite - DEBUG - routes_out: [/zcomx/default/index] -> /zcomx/default/index
2014-09-21 02:00:07,082 - web2py.rewrite - DEBUG - routes_out: [/zcomx/default/user/login] -> /zcomx/default/user/login
2014-09-21 02:00:07,082 - web2py.rewrite - DEBUG - routes_out: [/zcomx/default/user/profile] -> /zcomx/default/user/profile
2014-09-21 02:00:07,082 - web2py.rewrite - DEBUG - routes_out: [/zcomx/default/download] -> /zcomx/default/download
2014-09-21 02:00:07,083 - web2py.rewrite - DEBUG - routes_out: [/zcomx/default/user/not_authorized] -> /zcomx/default/user/not_authorized
2014-09-21 02:00:07,091 - web2py.rewrite - DEBUG - routes_out: [/zcomx/default/index] -> /zcomx/default/index
2014-09-21 02:00:07,091 - web2py.rewrite - DEBUG - routes_out: [/zcomx/default/download] -> /zcomx/default/download
2014-09-21 02:00:07,092 - web2py.rewrite - DEBUG - routes_out: [/zcomx/profile/index] -> /zcomx/profile/index
2014-09-21 02:00:07,092 - web2py.rewrite - DEBUG - routes_out: [/zcomx/default/index] -> /zcomx/default/index
2014-09-21 02:00:07,092 - web2py.rewrite - DEBUG - routes_out: [/zcomx/default/user/verify_email] -> /zcomx/default/user/verify_email
2014-09-21 02:00:07,092 - web2py.rewrite - DEBUG - routes_out: [/zcomx/default/user/reset_password] -> /zcomx/default/user/reset_password
2014-09-21 02:00:07,138 - web2py.rewrite - DEBUG - routes_out: [/zcomx/default/index] -> /zcomx/default/index
2014-09-21 02:00:07,139 - web2py.rewrite - DEBUG - routes_out: [/zcomx/default/user/login] -> /zcomx/default/user/login
2014-09-21 02:00:07,139 - web2py.rewrite - DEBUG - routes_out: [/zcomx/default/user/profile] -> /zcomx/default/user/profile
2014-09-21 02:00:07,139 - web2py.rewrite - DEBUG - routes_out: [/zcomx/default/download] -> /zcomx/default/download
2014-09-21 02:00:07,139 - web2py.rewrite - DEBUG - routes_out: [/zcomx/default/user/not_authorized] -> /zcomx/default/user/not_authorized
2014-09-21 02:00:07,147 - web2py.rewrite - DEBUG - routes_out: [/zcomx/default/index] -> /zcomx/default/index
2014-09-21 02:00:07,147 - web2py.rewrite - DEBUG - routes_out: [/zcomx/default/download] -> /zcomx/default/download
2014-09-21 02:00:07,148 - web2py.rewrite - DEBUG - routes_out: [/zcomx/profile/index] -> /zcomx/profile/index
2014-09-21 02:00:07,148 - web2py.rewrite - DEBUG - routes_out: [/zcomx/default/index] -> /zcomx/default/index
2014-09-21 02:00:07,148 - web2py.rewrite - DEBUG - routes_out: [/zcomx/default/user/verify_email] -> /zcomx/default/user/verify_email
2014-09-21 02:00:07,149 - web2py.rewrite - DEBUG - routes_out: [/zcomx/default/user/reset_password] -> /zcomx/default/user/reset_password
2014-09-21 02:00:07,504 - web2py.rewrite - DEBUG - URL rewrite is on. configuration in /srv/http/jimk.zsw.ca/web2py/routes.py
2014-09-21 02:00:07,639 - web2py.rewrite - DEBUG - routes_out: [/zcomx/default/index] -> /zcomx/default/index
2014-09-21 02:00:07,640 - web2py.rewrite - DEBUG - routes_out: [/zcomx/default/user/login] -> /zcomx/default/user/login
2014-09-21 02:00:07,640 - web2py.rewrite - DEBUG - routes_out: [/zcomx/default/user/profile] -> /zcomx/default/user/profile
2014-09-21 02:00:07,640 - web2py.rewrite - DEBUG - routes_out: [/zcomx/default/download] -> /zcomx/default/download
2014-09-21 02:00:07,640 - web2py.rewrite - DEBUG - routes_out: [/zcomx/default/user/not_authorized] -> /zcomx/default/user/not_authorized
2014-09-21 02:00:07,648 - web2py.rewrite - DEBUG - routes_out: [/zcomx/default/index] -> /zcomx/default/index
2014-09-21 02:00:07,648 - web2py.rewrite - DEBUG - routes_out: [/zcomx/default/download] -> /zcomx/default/download
2014-09-21 02:00:07,649 - web2py.rewrite - DEBUG - routes_out: [/zcomx/profile/index] -> /zcomx/profile/index
2014-09-21 02:00:07,649 - web2py.rewrite - DEBUG - routes_out: [/zcomx/default/index] -> /zcomx/default/index
2014-09-21 02:00:07,649 - web2py.rewrite - DEBUG - routes_out: [/zcomx/default/user/verify_email] -> /zcomx/default/user/verify_email
2014-09-21 02:00:07,650 - web2py.rewrite - DEBUG - routes_out: [/zcomx/default/user/reset_password] -> /zcomx/default/user/reset_password
2014-09-22 02:00:03,016 - web2py.rewrite - DEBUG - URL rewrite is on. configuration in /srv/http/jimk.zsw.ca/web2py/routes.py
2014-09-22 02:00:03,455 - web2py.rewrite - DEBUG - routes_out: [/zcomx/default/index] -> /zcomx/default/index
2014-09-22 02:00:03,455 - web2py.rewrite - DEBUG - routes_out: [/zcomx/default/user/login] -> /zcomx/default/user/login
2014-09-22 02:00:03,456 - web2py.rewrite - DEBUG - routes_out: [/zcomx/default/user/profile] -> /zcomx/default/user/profile
2014-09-22 02:00:03,456 - web2py.rewrite - DEBUG - routes_out: [/zcomx/default/download] -> /zcomx/default/download
2014-09-22 02:00:03,456 - web2py.rewrite - DEBUG - routes_out: [/zcomx/default/user/not_authorized] -> /zcomx/default/user/not_authorized
2014-09-22 02:00:03,472 - web2py.rewrite - DEBUG - routes_out: [/zcomx/default/index] -> /zcomx/default/index
2014-09-22 02:00:03,472 - web2py.rewrite - DEBUG - routes_out: [/zcomx/default/download] -> /zcomx/default/download
2014-09-22 02:00:03,473 - web2py.rewrite - DEBUG - routes_out: [/zcomx/profile/index] -> /zcomx/profile/index
2014-09-22 02:00:03,474 - web2py.rewrite - DEBUG - routes_out: [/zcomx/default/index] -> /zcomx/default/index
2014-09-22 02:00:03,474 - web2py.rewrite - DEBUG - routes_out: [/zcomx/default/user/verify_email] -> /zcomx/default/user/verify_email
2014-09-22 02:00:03,475 - web2py.rewrite - DEBUG - routes_out: [/zcomx/default/user/reset_password] -> /zcomx/default/user/reset_password
2014-09-22 02:00:04,523 - web2py.rewrite - DEBUG - URL rewrite is on. configuration in /srv/http/jimk.zsw.ca/web2py/routes.py
2014-09-22 02:00:04,724 - web2py.rewrite - DEBUG - routes_out: [/zcomx/default/index] -> /zcomx/default/index
2014-09-22 02:00:04,724 - web2py.rewrite - DEBUG - routes_out: [/zcomx/default/user/login] -> /zcomx/default/user/login
2014-09-22 02:00:04,725 - web2py.rewrite - DEBUG - routes_out: [/zcomx/default/user/profile] -> /zcomx/default/user/profile
2014-09-22 02:00:04,725 - web2py.rewrite - DEBUG - routes_out: [/zcomx/default/download] -> /zcomx/default/download
2014-09-22 02:00:04,725 - web2py.rewrite - DEBUG - routes_out: [/zcomx/default/user/not_authorized] -> /zcomx/default/user/not_authorized
2014-09-22 02:00:04,733 - web2py.rewrite - DEBUG - routes_out: [/zcomx/default/index] -> /zcomx/default/index
2014-09-22 02:00:04,734 - web2py.rewrite - DEBUG - routes_out: [/zcomx/default/download] -> /zcomx/default/download
2014-09-22 02:00:04,734 - web2py.rewrite - DEBUG - routes_out: [/zcomx/profile/index] -> /zcomx/profile/index
2014-09-22 02:00:04,734 - web2py.rewrite - DEBUG - routes_out: [/zcomx/default/index] -> /zcomx/default/index
2014-09-22 02:00:04,735 - web2py.rewrite - DEBUG - routes_out: [/zcomx/default/user/verify_email] -> /zcomx/default/user/verify_email
2014-09-22 02:00:04,735 - web2py.rewrite - DEBUG - routes_out: [/zcomx/default/user/reset_password] -> /zcomx/default/user/reset_password
2014-09-22 02:00:04,761 - web2py.rewrite - DEBUG - routes_out: [/zcomx/default/index] -> /zcomx/default/index
2014-09-22 02:00:04,762 - web2py.rewrite - DEBUG - routes_out: [/zcomx/default/user/login] -> /zcomx/default/user/login
2014-09-22 02:00:04,762 - web2py.rewrite - DEBUG - routes_out: [/zcomx/default/user/profile] -> /zcomx/default/user/profile
2014-09-22 02:00:04,762 - web2py.rewrite - DEBUG - routes_out: [/zcomx/default/download] -> /zcomx/default/download
2014-09-22 02:00:04,763 - web2py.rewrite - DEBUG - routes_out: [/zcomx/default/user/not_authorized] -> /zcomx/default/user/not_authorized
2014-09-22 02:00:04,771 - web2py.rewrite - DEBUG - routes_out: [/zcomx/default/index] -> /zcomx/default/index
2014-09-22 02:00:04,771 - web2py.rewrite - DEBUG - routes_out: [/zcomx/default/download] -> /zcomx/default/download
2014-09-22 02:00:04,772 - web2py.rewrite - DEBUG - routes_out: [/zcomx/profile/index] -> /zcomx/profile/index
2014-09-22 02:00:04,772 - web2py.rewrite - DEBUG - routes_out: [/zcomx/default/index] -> /zcomx/default/index
2014-09-22 02:00:04,772 - web2py.rewrite - DEBUG - routes_out: [/zcomx/default/user/verify_email] -> /zcomx/default/user/verify_email
2014-09-22 02:00:04,772 - web2py.rewrite - DEBUG - routes_out: [/zcomx/default/user/reset_password] -> /zcomx/default/user/reset_password
2014-09-22 02:00:05,149 - web2py.rewrite - DEBUG - URL rewrite is on. configuration in /srv/http/jimk.zsw.ca/web2py/routes.py
2014-09-22 02:00:05,343 - web2py.rewrite - DEBUG - routes_out: [/zcomx/default/index] -> /zcomx/default/index
2014-09-22 02:00:05,344 - web2py.rewrite - DEBUG - routes_out: [/zcomx/default/user/login] -> /zcomx/default/user/login
2014-09-22 02:00:05,344 - web2py.rewrite - DEBUG - routes_out: [/zcomx/default/user/profile] -> /zcomx/default/user/profile
2014-09-22 02:00:05,344 - web2py.rewrite - DEBUG - routes_out: [/zcomx/default/download] -> /zcomx/default/download
2014-09-22 02:00:05,345 - web2py.rewrite - DEBUG - routes_out: [/zcomx/default/user/not_authorized] -> /zcomx/default/user/not_authorized
2014-09-22 02:00:05,353 - web2py.rewrite - DEBUG - routes_out: [/zcomx/default/index] -> /zcomx/default/index
2014-09-22 02:00:05,354 - web2py.rewrite - DEBUG - routes_out: [/zcomx/default/download] -> /zcomx/default/download
2014-09-22 02:00:05,354 - web2py.rewrite - DEBUG - routes_out: [/zcomx/profile/index] -> /zcomx/profile/index
2014-09-22 02:00:05,354 - web2py.rewrite - DEBUG - routes_out: [/zcomx/default/index] -> /zcomx/default/index
2014-09-22 02:00:05,355 - web2py.rewrite - DEBUG - routes_out: [/zcomx/default/user/verify_email] -> /zcomx/default/user/verify_email
2014-09-22 02:00:05,355 - web2py.rewrite - DEBUG - routes_out: [/zcomx/default/user/reset_password] -> /zcomx/default/user/reset_password
2014-09-22 02:00:05,385 - web2py.rewrite - DEBUG - routes_out: [/zcomx/default/index] -> /zcomx/default/index
2014-09-22 02:00:05,385 - web2py.rewrite - DEBUG - routes_out: [/zcomx/default/user/login] -> /zcomx/default/user/login
2014-09-22 02:00:05,386 - web2py.rewrite - DEBUG - routes_out: [/zcomx/default/user/profile] -> /zcomx/default/user/profile
2014-09-22 02:00:05,386 - web2py.rewrite - DEBUG - routes_out: [/zcomx/default/download] -> /zcomx/default/download
2014-09-22 02:00:05,386 - web2py.rewrite - DEBUG - routes_out: [/zcomx/default/user/not_authorized] -> /zcomx/default/user/not_authorized
2014-09-22 02:00:05,396 - web2py.rewrite - DEBUG - routes_out: [/zcomx/default/index] -> /zcomx/default/index
2014-09-22 02:00:05,397 - web2py.rewrite - DEBUG - routes_out: [/zcomx/default/download] -> /zcomx/default/download
2014-09-22 02:00:05,397 - web2py.rewrite - DEBUG - routes_out: [/zcomx/profile/index] -> /zcomx/profile/index
2014-09-22 02:00:05,397 - web2py.rewrite - DEBUG - routes_out: [/zcomx/default/index] -> /zcomx/default/index
2014-09-22 02:00:05,398 - web2py.rewrite - DEBUG - routes_out: [/zcomx/default/user/verify_email] -> /zcomx/default/user/verify_email
2014-09-22 02:00:05,398 - web2py.rewrite - DEBUG - routes_out: [/zcomx/default/user/reset_password] -> /zcomx/default/user/reset_password
2014-09-22 02:00:05,806 - web2py.rewrite - DEBUG - URL rewrite is on. configuration in /srv/http/jimk.zsw.ca/web2py/routes.py
2014-09-22 02:00:05,968 - web2py.rewrite - DEBUG - routes_out: [/zcomx/default/index] -> /zcomx/default/index
2014-09-22 02:00:05,969 - web2py.rewrite - DEBUG - routes_out: [/zcomx/default/user/login] -> /zcomx/default/user/login
2014-09-22 02:00:05,969 - web2py.rewrite - DEBUG - routes_out: [/zcomx/default/user/profile] -> /zcomx/default/user/profile
2014-09-22 02:00:05,969 - web2py.rewrite - DEBUG - routes_out: [/zcomx/default/download] -> /zcomx/default/download
2014-09-22 02:00:05,970 - web2py.rewrite - DEBUG - routes_out: [/zcomx/default/user/not_authorized] -> /zcomx/default/user/not_authorized
2014-09-22 02:00:05,980 - web2py.rewrite - DEBUG - routes_out: [/zcomx/default/index] -> /zcomx/default/index
2014-09-22 02:00:05,980 - web2py.rewrite - DEBUG - routes_out: [/zcomx/default/download] -> /zcomx/default/download
2014-09-22 02:00:05,981 - web2py.rewrite - DEBUG - routes_out: [/zcomx/profile/index] -> /zcomx/profile/index
2014-09-22 02:00:05,981 - web2py.rewrite - DEBUG - routes_out: [/zcomx/default/index] -> /zcomx/default/index
2014-09-22 02:00:05,981 - web2py.rewrite - DEBUG - routes_out: [/zcomx/default/user/verify_email] -> /zcomx/default/user/verify_email
2014-09-22 02:00:05,982 - web2py.rewrite - DEBUG - routes_out: [/zcomx/default/user/reset_password] -> /zcomx/default/user/reset_password
2014-09-22 02:00:06,010 - web2py.rewrite - DEBUG - routes_out: [/zcomx/default/index] -> /zcomx/default/index
2014-09-22 02:00:06,011 - web2py.rewrite - DEBUG - routes_out: [/zcomx/default/user/login] -> /zcomx/default/user/login
2014-09-22 02:00:06,011 - web2py.rewrite - DEBUG - routes_out: [/zcomx/default/user/profile] -> /zcomx/default/user/profile
2014-09-22 02:00:06,011 - web2py.rewrite - DEBUG - routes_out: [/zcomx/default/download] -> /zcomx/default/download
2014-09-22 02:00:06,011 - web2py.rewrite - DEBUG - routes_out: [/zcomx/default/user/not_authorized] -> /zcomx/default/user/not_authorized
2014-09-22 02:00:06,019 - web2py.rewrite - DEBUG - routes_out: [/zcomx/default/index] -> /zcomx/default/index
2014-09-22 02:00:06,019 - web2py.rewrite - DEBUG - routes_out: [/zcomx/default/download] -> /zcomx/default/download
2014-09-22 02:00:06,020 - web2py.rewrite - DEBUG - routes_out: [/zcomx/profile/index] -> /zcomx/profile/index
2014-09-22 02:00:06,020 - web2py.rewrite - DEBUG - routes_out: [/zcomx/default/index] -> /zcomx/default/index
2014-09-22 02:00:06,020 - web2py.rewrite - DEBUG - routes_out: [/zcomx/default/user/verify_email] -> /zcomx/default/user/verify_email
2014-09-22 02:00:06,021 - web2py.rewrite - DEBUG - routes_out: [/zcomx/default/user/reset_password] -> /zcomx/default/user/reset_password
2014-09-22 02:00:06,425 - web2py.rewrite - DEBUG - URL rewrite is on. configuration in /srv/http/jimk.zsw.ca/web2py/routes.py
2014-09-22 02:00:06,874 - web2py.rewrite - DEBUG - routes_out: [/zcomx/default/index] -> /zcomx/default/index
2014-09-22 02:00:06,875 - web2py.rewrite - DEBUG - routes_out: [/zcomx/default/user/login] -> /zcomx/default/user/login
2014-09-22 02:00:06,875 - web2py.rewrite - DEBUG - routes_out: [/zcomx/default/user/profile] -> /zcomx/default/user/profile
2014-09-22 02:00:06,876 - web2py.rewrite - DEBUG - routes_out: [/zcomx/default/download] -> /zcomx/default/download
2014-09-22 02:00:06,876 - web2py.rewrite - DEBUG - routes_out: [/zcomx/default/user/not_authorized] -> /zcomx/default/user/not_authorized
2014-09-22 02:00:06,902 - web2py.rewrite - DEBUG - routes_out: [/zcomx/default/index] -> /zcomx/default/index
2014-09-22 02:00:06,903 - web2py.rewrite - DEBUG - routes_out: [/zcomx/default/download] -> /zcomx/default/download
2014-09-22 02:00:06,904 - web2py.rewrite - DEBUG - routes_out: [/zcomx/profile/index] -> /zcomx/profile/index
2014-09-22 02:00:06,904 - web2py.rewrite - DEBUG - routes_out: [/zcomx/default/index] -> /zcomx/default/index
2014-09-22 02:00:06,905 - web2py.rewrite - DEBUG - routes_out: [/zcomx/default/user/verify_email] -> /zcomx/default/user/verify_email
2014-09-22 02:00:06,905 - web2py.rewrite - DEBUG - routes_out: [/zcomx/default/user/reset_password] -> /zcomx/default/user/reset_password
2014-09-22 02:00:06,979 - web2py.rewrite - DEBUG - routes_out: [/zcomx/default/index] -> /zcomx/default/index
2014-09-22 02:00:06,980 - web2py.rewrite - DEBUG - routes_out: [/zcomx/default/user/login] -> /zcomx/default/user/login
2014-09-22 02:00:06,980 - web2py.rewrite - DEBUG - routes_out: [/zcomx/default/user/profile] -> /zcomx/default/user/profile
2014-09-22 02:00:06,981 - web2py.rewrite - DEBUG - routes_out: [/zcomx/default/download] -> /zcomx/default/download
2014-09-22 02:00:06,981 - web2py.rewrite - DEBUG - routes_out: [/zcomx/default/user/not_authorized] -> /zcomx/default/user/not_authorized
2014-09-22 02:00:06,998 - web2py.rewrite - DEBUG - routes_out: [/zcomx/default/index] -> /zcomx/default/index
2014-09-22 02:00:06,999 - web2py.rewrite - DEBUG - routes_out: [/zcomx/default/download] -> /zcomx/default/download
2014-09-22 02:00:07,007 - web2py.rewrite - DEBUG - routes_out: [/zcomx/profile/index] -> /zcomx/profile/index
2014-09-22 02:00:07,008 - web2py.rewrite - DEBUG - routes_out: [/zcomx/default/index] -> /zcomx/default/index
2014-09-22 02:00:07,008 - web2py.rewrite - DEBUG - routes_out: [/zcomx/default/user/verify_email] -> /zcomx/default/user/verify_email
2014-09-22 02:00:07,009 - web2py.rewrite - DEBUG - routes_out: [/zcomx/default/user/reset_password] -> /zcomx/default/user/reset_password
2014-09-22 02:00:07,672 - web2py.rewrite - DEBUG - URL rewrite is on. configuration in /srv/http/jimk.zsw.ca/web2py/routes.py
2014-09-22 02:00:07,872 - web2py.rewrite - DEBUG - routes_out: [/zcomx/default/index] -> /zcomx/default/index
2014-09-22 02:00:07,873 - web2py.rewrite - DEBUG - routes_out: [/zcomx/default/user/login] -> /zcomx/default/user/login
2014-09-22 02:00:07,873 - web2py.rewrite - DEBUG - routes_out: [/zcomx/default/user/profile] -> /zcomx/default/user/profile
2014-09-22 02:00:07,874 - web2py.rewrite - DEBUG - routes_out: [/zcomx/default/download] -> /zcomx/default/download
2014-09-22 02:00:07,874 - web2py.rewrite - DEBUG - routes_out: [/zcomx/default/user/not_authorized] -> /zcomx/default/user/not_authorized
2014-09-22 02:00:07,886 - web2py.rewrite - DEBUG - routes_out: [/zcomx/default/index] -> /zcomx/default/index
2014-09-22 02:00:07,886 - web2py.rewrite - DEBUG - routes_out: [/zcomx/default/download] -> /zcomx/default/download
2014-09-22 02:00:07,887 - web2py.rewrite - DEBUG - routes_out: [/zcomx/profile/index] -> /zcomx/profile/index
2014-09-22 02:00:07,887 - web2py.rewrite - DEBUG - routes_out: [/zcomx/default/index] -> /zcomx/default/index
2014-09-22 02:00:07,887 - web2py.rewrite - DEBUG - routes_out: [/zcomx/default/user/verify_email] -> /zcomx/default/user/verify_email
2014-09-22 02:00:07,888 - web2py.rewrite - DEBUG - routes_out: [/zcomx/default/user/reset_password] -> /zcomx/default/user/reset_password
2014-09-22 02:00:07,923 - web2py.rewrite - DEBUG - routes_out: [/zcomx/default/index] -> /zcomx/default/index
2014-09-22 02:00:07,923 - web2py.rewrite - DEBUG - routes_out: [/zcomx/default/user/login] -> /zcomx/default/user/login
2014-09-22 02:00:07,924 - web2py.rewrite - DEBUG - routes_out: [/zcomx/default/user/profile] -> /zcomx/default/user/profile
2014-09-22 02:00:07,924 - web2py.rewrite - DEBUG - routes_out: [/zcomx/default/download] -> /zcomx/default/download
2014-09-22 02:00:07,924 - web2py.rewrite - DEBUG - routes_out: [/zcomx/default/user/not_authorized] -> /zcomx/default/user/not_authorized
2014-09-22 02:00:07,935 - web2py.rewrite - DEBUG - routes_out: [/zcomx/default/index] -> /zcomx/default/index
2014-09-22 02:00:07,936 - web2py.rewrite - DEBUG - routes_out: [/zcomx/default/download] -> /zcomx/default/download
2014-09-22 02:00:07,937 - web2py.rewrite - DEBUG - routes_out: [/zcomx/profile/index] -> /zcomx/profile/index
2014-09-22 02:00:07,937 - web2py.rewrite - DEBUG - routes_out: [/zcomx/default/index] -> /zcomx/default/index
2014-09-22 02:00:07,937 - web2py.rewrite - DEBUG - routes_out: [/zcomx/default/user/verify_email] -> /zcomx/default/user/verify_email
2014-09-22 02:00:07,938 - web2py.rewrite - DEBUG - routes_out: [/zcomx/default/user/reset_password] -> /zcomx/default/user/reset_password
2014-09-22 02:00:08,415 - web2py.rewrite - DEBUG - URL rewrite is on. configuration in /srv/http/jimk.zsw.ca/web2py/routes.py
2014-09-22 02:00:08,554 - web2py.rewrite - DEBUG - routes_out: [/zcomx/default/index] -> /zcomx/default/index
2014-09-22 02:00:08,554 - web2py.rewrite - DEBUG - routes_out: [/zcomx/default/user/login] -> /zcomx/default/user/login
2014-09-22 02:00:08,554 - web2py.rewrite - DEBUG - routes_out: [/zcomx/default/user/profile] -> /zcomx/default/user/profile
2014-09-22 02:00:08,554 - web2py.rewrite - DEBUG - routes_out: [/zcomx/default/download] -> /zcomx/default/download
2014-09-22 02:00:08,555 - web2py.rewrite - DEBUG - routes_out: [/zcomx/default/user/not_authorized] -> /zcomx/default/user/not_authorized
2014-09-22 02:00:08,563 - web2py.rewrite - DEBUG - routes_out: [/zcomx/default/index] -> /zcomx/default/index
2014-09-22 02:00:08,563 - web2py.rewrite - DEBUG - routes_out: [/zcomx/default/download] -> /zcomx/default/download
2014-09-22 02:00:08,564 - web2py.rewrite - DEBUG - routes_out: [/zcomx/profile/index] -> /zcomx/profile/index
2014-09-22 02:00:08,564 - web2py.rewrite - DEBUG - routes_out: [/zcomx/default/index] -> /zcomx/default/index
2014-09-22 02:00:08,564 - web2py.rewrite - DEBUG - routes_out: [/zcomx/default/user/verify_email] -> /zcomx/default/user/verify_email
2014-09-22 02:00:08,564 - web2py.rewrite - DEBUG - routes_out: [/zcomx/default/user/reset_password] -> /zcomx/default/user/reset_password
2014-09-22 02:00:08,602 - web2py.rewrite - DEBUG - routes_out: [/zcomx/default/index] -> /zcomx/default/index
2014-09-22 02:00:08,602 - web2py.rewrite - DEBUG - routes_out: [/zcomx/default/user/login] -> /zcomx/default/user/login
2014-09-22 02:00:08,602 - web2py.rewrite - DEBUG - routes_out: [/zcomx/default/user/profile] -> /zcomx/default/user/profile
2014-09-22 02:00:08,602 - web2py.rewrite - DEBUG - routes_out: [/zcomx/default/download] -> /zcomx/default/download
2014-09-22 02:00:08,603 - web2py.rewrite - DEBUG - routes_out: [/zcomx/default/user/not_authorized] -> /zcomx/default/user/not_authorized
2014-09-22 02:00:08,611 - web2py.rewrite - DEBUG - routes_out: [/zcomx/default/index] -> /zcomx/default/index
2014-09-22 02:00:08,611 - web2py.rewrite - DEBUG - routes_out: [/zcomx/default/download] -> /zcomx/default/download
2014-09-22 02:00:08,612 - web2py.rewrite - DEBUG - routes_out: [/zcomx/profile/index] -> /zcomx/profile/index
2014-09-22 02:00:08,612 - web2py.rewrite - DEBUG - routes_out: [/zcomx/default/index] -> /zcomx/default/index
2014-09-22 02:00:08,612 - web2py.rewrite - DEBUG - routes_out: [/zcomx/default/user/verify_email] -> /zcomx/default/user/verify_email
2014-09-22 02:00:08,613 - web2py.rewrite - DEBUG - routes_out: [/zcomx/default/user/reset_password] -> /zcomx/default/user/reset_password
2014-09-22 02:00:09,013 - web2py.rewrite - DEBUG - URL rewrite is on. configuration in /srv/http/jimk.zsw.ca/web2py/routes.py
2014-09-22 02:00:09,149 - web2py.rewrite - DEBUG - routes_out: [/zcomx/default/index] -> /zcomx/default/index
2014-09-22 02:00:09,149 - web2py.rewrite - DEBUG - routes_out: [/zcomx/default/user/login] -> /zcomx/default/user/login
2014-09-22 02:00:09,150 - web2py.rewrite - DEBUG - routes_out: [/zcomx/default/user/profile] -> /zcomx/default/user/profile
2014-09-22 02:00:09,150 - web2py.rewrite - DEBUG - routes_out: [/zcomx/default/download] -> /zcomx/default/download
2014-09-22 02:00:09,150 - web2py.rewrite - DEBUG - routes_out: [/zcomx/default/user/not_authorized] -> /zcomx/default/user/not_authorized
2014-09-22 02:00:09,159 - web2py.rewrite - DEBUG - routes_out: [/zcomx/default/index] -> /zcomx/default/index
2014-09-22 02:00:09,159 - web2py.rewrite - DEBUG - routes_out: [/zcomx/default/download] -> /zcomx/default/download
2014-09-22 02:00:09,159 - web2py.rewrite - DEBUG - routes_out: [/zcomx/profile/index] -> /zcomx/profile/index
2014-09-22 02:00:09,159 - web2py.rewrite - DEBUG - routes_out: [/zcomx/default/index] -> /zcomx/default/index
2014-09-22 02:00:09,160 - web2py.rewrite - DEBUG - routes_out: [/zcomx/default/user/verify_email] -> /zcomx/default/user/verify_email
2014-09-22 02:00:09,160 - web2py.rewrite - DEBUG - routes_out: [/zcomx/default/user/reset_password] -> /zcomx/default/user/reset_password
2014-09-22 11:44:26,610 - web2py.rewrite - DEBUG - URL rewrite is on. configuration in /srv/http/jimk.zsw.ca/web2py/routes.py
2014-09-22 11:44:30,187 - web2py.rewrite - DEBUG - URL rewrite is on. configuration in /srv/http/jimk.zsw.ca/web2py/routes.py
2014-09-22 11:45:19,467 - web2py.rewrite - DEBUG - URL rewrite is on. configuration in /srv/http/jimk.zsw.ca/web2py/routes.py
2014-09-22 11:47:32,644 - web2py.rewrite - DEBUG - URL rewrite is on. configuration in /srv/http/jimk.zsw.ca/web2py/routes.py
2014-09-22 11:47:37,878 - web2py.rewrite - DEBUG - URL rewrite is on. configuration in /srv/http/jimk.zsw.ca/web2py/routes.py
2014-09-22 11:53:13,409 - web2py.rewrite - DEBUG - URL rewrite is on. configuration in /srv/http/jimk.zsw.ca/web2py/routes.py
2014-09-22 11:53:36,567 - web2py.rewrite - DEBUG - URL rewrite is on. configuration in /srv/http/jimk.zsw.ca/web2py/routes.py
2014-09-22 11:53:50,255 - web2py.rewrite - DEBUG - URL rewrite is on. configuration in /srv/http/jimk.zsw.ca/web2py/routes.py
2014-09-22 11:54:56,370 - web2py.rewrite - DEBUG - URL rewrite is on. configuration in /srv/http/jimk.zsw.ca/web2py/routes.py
2014-09-22 11:55:08,080 - web2py.rewrite - DEBUG - URL rewrite is on. configuration in /srv/http/jimk.zsw.ca/web2py/routes.py
2014-09-22 12:06:33,267 - web2py.rewrite - DEBUG - URL rewrite is on. configuration in /srv/http/jimk.zsw.ca/web2py/routes.py
2014-09-22 12:07:33,404 - web2py.rewrite - DEBUG - URL rewrite is on. configuration in /srv/http/jimk.zsw.ca/web2py/routes.py
2014-09-22 12:08:14,917 - web2py.rewrite - DEBUG - URL rewrite is on. configuration in /srv/http/jimk.zsw.ca/web2py/routes.py
2014-09-22 12:09:55,143 - web2py.rewrite - DEBUG - URL rewrite is on. configuration in /srv/http/jimk.zsw.ca/web2py/routes.py
2014-09-22 12:09:58,676 - cli - ERROR - cbz: None
2014-09-22 12:09:58,677 - cli - ERROR - web: applications/zcomx/uploads/original/../tmp/tmpMzyNJE/web-file.jpg
2014-09-22 12:09:58,678 - cli - ERROR - tbn: applications/zcomx/uploads/original/../tmp/tmpMzyNJE/tbn-file.jpg
2014-09-22 12:09:58,678 - cli - ERROR - ori: applications/zcomx/uploads/original/../tmp/tmpMzyNJE/ori-file.jpg
2014-09-22 12:10:23,241 - web2py.rewrite - DEBUG - URL rewrite is on. configuration in /srv/http/jimk.zsw.ca/web2py/routes.py
2014-09-22 12:12:07,848 - web2py.rewrite - DEBUG - URL rewrite is on. configuration in /srv/http/jimk.zsw.ca/web2py/routes.py
2014-09-22 12:12:37,953 - web2py.rewrite - DEBUG - URL rewrite is on. configuration in /srv/http/jimk.zsw.ca/web2py/routes.py
2014-09-22 12:15:55,667 - web2py.rewrite - DEBUG - URL rewrite is on. configuration in /srv/http/jimk.zsw.ca/web2py/routes.py
2014-09-22 12:18:34,982 - web2py.rewrite - DEBUG - URL rewrite is on. configuration in /srv/http/jimk.zsw.ca/web2py/routes.py
2014-09-22 12:20:13,553 - web2py.rewrite - DEBUG - URL rewrite is on. configuration in /srv/http/jimk.zsw.ca/web2py/routes.py
2014-09-22 12:22:17,075 - web2py.rewrite - DEBUG - URL rewrite is on. configuration in /srv/http/jimk.zsw.ca/web2py/routes.py
2014-09-22 12:22:30,022 - web2py.rewrite - DEBUG - URL rewrite is on. configuration in /srv/http/jimk.zsw.ca/web2py/routes.py
2014-09-22 12:22:57,191 - web2py.rewrite - DEBUG - URL rewrite is on. configuration in /srv/http/jimk.zsw.ca/web2py/routes.py
2014-09-22 12:30:56,517 - web2py.rewrite - DEBUG - URL rewrite is on. configuration in /srv/http/jimk.zsw.ca/web2py/routes.py
2014-09-22 12:33:00,837 - web2py.rewrite - DEBUG - URL rewrite is on. configuration in /srv/http/jimk.zsw.ca/web2py/routes.py
2014-09-22 12:34:58,986 - web2py.rewrite - DEBUG - URL rewrite is on. configuration in /srv/http/jimk.zsw.ca/web2py/routes.py
2014-09-22 12:37:18,339 - web2py.rewrite - DEBUG - URL rewrite is on. configuration in /srv/http/jimk.zsw.ca/web2py/routes.py
2014-09-22 12:38:29,590 - web2py.rewrite - DEBUG - URL rewrite is on. configuration in /srv/http/jimk.zsw.ca/web2py/routes.py
2014-09-22 12:38:45,194 - web2py.rewrite - DEBUG - URL rewrite is on. configuration in /srv/http/jimk.zsw.ca/web2py/routes.py
2014-09-22 12:39:50,177 - web2py.rewrite - DEBUG - URL rewrite is on. configuration in /srv/http/jimk.zsw.ca/web2py/routes.py
2014-09-22 12:40:55,642 - web2py.rewrite - DEBUG - URL rewrite is on. configuration in /srv/http/jimk.zsw.ca/web2py/routes.py
2014-09-22 12:43:14,858 - web2py.rewrite - DEBUG - URL rewrite is on. configuration in /srv/http/jimk.zsw.ca/web2py/routes.py
2014-09-22 12:45:47,612 - web2py.rewrite - DEBUG - URL rewrite is on. configuration in /srv/http/jimk.zsw.ca/web2py/routes.py
2014-09-22 12:48:29,781 - web2py.rewrite - DEBUG - URL rewrite is on. configuration in /srv/http/jimk.zsw.ca/web2py/routes.py
2014-09-22 12:49:39,832 - web2py.rewrite - DEBUG - URL rewrite is on. configuration in /srv/http/jimk.zsw.ca/web2py/routes.py
2014-09-22 12:56:29,532 - web2py.rewrite - DEBUG - URL rewrite is on. configuration in /srv/http/jimk.zsw.ca/web2py/routes.py
2014-09-22 12:56:52,355 - web2py.rewrite - DEBUG - URL rewrite is on. configuration in /srv/http/jimk.zsw.ca/web2py/routes.py
